
TimberWolfSC version:v6.0 date:Mon May 25 21:19:07 EDT 1992
Row-Based Placement and Global Routing Program
Authors: Carl Sechen, Kai-Win Lee, and Bill Swartz,
         Yale University




TimberWolf will perform a global route step
feedThruWidth: 280
track.pitch: 130
route2act was not entered in the .par file
route2act defaulted to track.pitch
route2act: 130

The random number generator seed is: 12345


rowSep: 0.000000

[get_stat_hints]:Found hints in <rv32_CPU_v2.stat> file
[get_stat_hints]:Total cells:5390 Number of nets:5207

[add_swap_group]:Implicit swap group <CTRL.cyc_bF$pin> created
[add_swap_group]:Implicit swap group <clk_hier0_bF$pin> created
[add_swap_group]:Implicit swap group <CTRL.cyc_bF$buf14_bF$pin> created
[add_swap_group]:Implicit swap group <CTRL.IDEC1.cu_custom_inst_bF$pin> created
[add_swap_group]:Implicit swap group <_595__bF$pin> created
[add_swap_group]:Implicit swap group <CTRL.cyc_bF$buf13_bF$pin> created
[add_swap_group]:Implicit swap group <CTRL.cyc_bF$buf12_bF$pin> created
[add_swap_group]:Implicit swap group <CTRL.cyc_bF$buf11_bF$pin> created
[add_swap_group]:Implicit swap group <CTRL.cyc_bF$buf10_bF$pin> created
[add_swap_group]:Implicit swap group <CTRL.cyc_bF$buf9_bF$pin> created
[add_swap_group]:Implicit swap group <CTRL.cyc_bF$buf8_bF$pin> created
[add_swap_group]:Implicit swap group <CTRL.cyc_bF$buf7_bF$pin> created
[add_swap_group]:Implicit swap group <CTRL.cyc_bF$buf6_bF$pin> created
[add_swap_group]:Implicit swap group <CTRL.cyc_bF$buf5_bF$pin> created
[add_swap_group]:Implicit swap group <CTRL.cyc_bF$buf4_bF$pin> created
[add_swap_group]:Implicit swap group <CTRL.cyc_bF$buf3_bF$pin> created
[add_swap_group]:Implicit swap group <CTRL.cyc_bF$buf2_bF$pin> created
[add_swap_group]:Implicit swap group <CTRL.cyc_bF$buf1_bF$pin> created
[add_swap_group]:Implicit swap group <CTRL.cyc_bF$buf0_bF$pin> created
[add_swap_group]:Implicit swap group <CTRL.IDEC1.cu_load_inst_bF$pin> created
[add_swap_group]:Implicit swap group <CTRL.IDEC1.cu_system_inst_bF$pin> created
[add_swap_group]:Implicit swap group <CTRL.cu_csr_rd_s1_bF$pin> created
[add_swap_group]:Implicit swap group <_23__bF$pin> created
[add_swap_group]:Implicit swap group <_29__bF$pin> created
[add_swap_group]:Implicit swap group <_32__bF$pin> created
[add_swap_group]:Implicit swap group <CTRL.cu_r2_src_bF$pin> created
[add_swap_group]:Implicit swap group <_36__bF$pin> created
[add_swap_group]:Implicit swap group <_39__bF$pin> created
[add_swap_group]:Implicit swap group <_21__bF$pin> created
[add_swap_group]:Implicit swap group <_434__bF$pin> created
[add_swap_group]:Implicit swap group <CTRL.IDEC1.cu_auipc_inst_bF$pin> created
[add_swap_group]:Implicit swap group <CTRL.cu_alu_b_src_bF$pin> created
[add_swap_group]:Implicit swap group <_682__0_bF$pin> created
[add_swap_group]:Implicit swap group <_682__1_bF$pin> created
[add_swap_group]:Implicit swap group <_471__bF$pin> created
[add_swap_group]:Implicit swap group <CTRL.cu_r1_src_bF$pin> created
[add_swap_group]:Implicit swap group <_476__bF$pin> created
[add_swap_group]:Implicit swap group <_473__bF$pin> created
[add_swap_group]:Implicit swap group <EXT.type_bF$pin> created
[add_swap_group]:Implicit swap group <clk_bF$pin> created
[add_swap_group]:Implicit swap group <_268__bF$pin> created
[add_swap_group]:Implicit swap group <_866__bF$pin> created
[add_swap_group]:Implicit swap group <_888__bF$pin> created
[add_swap_group]:Implicit swap group <_941__bF$pin> created
[add_swap_group]:Implicit swap group <ALU.func7_5_bF$pin> created
[add_swap_group]:Implicit swap group <_931__bF$pin> created
[add_swap_group]:Implicit swap group <_1048__bF$pin> created
[add_swap_group]:Implicit swap group <_1059__bF$pin> created
[add_swap_group]:Implicit swap group <_1143__bF$pin> created
[add_swap_group]:Implicit swap group <_1203__bF$pin> created
[add_swap_group]:Implicit swap group <_1212__bF$pin> created
[add_swap_group]:Implicit swap group <_1221__bF$pin> created
[add_swap_group]:Implicit swap group <_1226__bF$pin> created
[add_swap_group]:Implicit swap group <_1235__bF$pin> created
[add_swap_group]:Implicit swap group <_1233__bF$pin> created
[add_swap_group]:Implicit swap group <_1230__bF$pin> created
[add_swap_group]:Implicit swap group <_1242__bF$pin> created
[add_swap_group]:Implicit swap group <_1240__bF$pin> created
[add_swap_group]:Implicit swap group <_1227__bF$pin> created
[add_swap_group]:Implicit swap group <_1252__bF$pin> created
[add_swap_group]:Implicit swap group <_1222__bF$pin> created
[add_swap_group]:Implicit swap group <_1322__bF$pin> created
[add_swap_group]:Implicit swap group <_952__bF$pin> created
[add_swap_group]:Implicit swap group <_1329__bF$pin> created
[add_swap_group]:Implicit swap group <_1328__bF$pin> created
[add_swap_group]:Implicit swap group <_909__bF$pin> created
[add_swap_group]:Implicit swap group <_1526__bF$pin> created
[add_swap_group]:Implicit swap group <_1525__bF$pin> created
[add_swap_group]:Implicit swap group <_1524__bF$pin> created
[add_swap_group]:Implicit swap group <CNTR.ld_cycle_bF$pin> created
[add_swap_group]:Implicit swap group <CNTR.ld_timer_bF$pin> created
[add_swap_group]:Implicit swap group <_2195__bF$pin> created
[add_swap_group]:Implicit swap group <_2243__bF$pin> created
[add_swap_group]:Implicit swap group <_2329__bF$pin> created
[add_swap_group]:Implicit swap group <_2367__bF$pin> created
[add_swap_group]:Implicit swap group <CTRL.IDEC1.cu_jalr_inst_bF$pin> created
[add_swap_group]:Implicit swap group <CTRL.cu_ext_hold_bF$pin> created
[add_swap_group]:Implicit swap group <_2371__bF$pin> created
[add_swap_group]:Implicit swap group <CTRL.cu_pc_s4_bF$pin> created
[add_swap_group]:Implicit swap group <_2458__bF$pin> created
[add_swap_group]:Implicit swap group <CTRL.cu_pc_s2_bF$pin> created
[add_swap_group]:Implicit swap group <_2646__bF$pin> created
[add_swap_group]:Implicit swap group <CTRL.cu_pc_s3_bF$pin> created
[add_swap_group]:Implicit swap group <_2650__bF$pin> created
[add_swap_group]:Implicit swap group <_2647__bF$pin> created
[add_swap_group]:Implicit swap group <_2643__bF$pin> created
[add_swap_group]:Implicit swap group <_2686__bF$pin> created
[add_swap_group]:Implicit swap group <_3244__bF$pin> created
[add_swap_group]:Implicit swap group <_3246__bF$pin> created
[add_swap_group]:Implicit swap group <_3247__bF$pin> created
[add_swap_group]:Implicit swap group <_3117__bF$pin> created
[add_extra_cells]:Added 1431 spacer cells to the gate array
total cell length: 10649240
total block length: 10621620
block x-span:118018  block y-span:117000


TIMING FACTOR (COMPUTED) : 4.000000
Using default value of bin.penalty.control:1.000000
Original Average Cell Width:2100.000000
Adjusted Average Cell Width:2100.000000
numBinsG automatically set to:85
binWidthG = 1404
average_cell_width is:2100
standard deviation of cell length is:433.745
TimberWolfSC starting from the beginning



THIS IS THE ROUTE COST OF THE ORIGINAL PLACEMENT: 356028813

The number of nets with 1 pins is 4
The number of nets with 2 pins is 2714
The number of nets with 3 pins is 1037
The number of nets with 4 pins is 376
The number of nets with 5 pins is 305
The number of nets with 6 pins is 231
The number of nets with 7 pins is 173
The number of nets with 8 pins is 166
The number of nets with 9 pins is 127
The number of nets with 10 pins is 40
The number of nets with 11 pins is 6
The number of nets with 12 pins is 10
The number of nets with 13 pins is 2
The number of nets with 14 pins is 7
The number of nets with 15 pins is 2
The number of nets with 16 pins is 3
The number of nets with 17 pins is 4
The number of nets with 100 pins or more is 0
Average number of pins per net = 3.360092
The maximum number of pins on a single net is:17

Percentage of Nets Connecting to at least 2 cells:1.00
Percentage of Nets Connecting to at least 3 cells:0.50
Percentage of Nets Connecting to at least 4 cells:0.29
Percentage of Nets Connecting to at least 5 cells:0.22
Percentage of Nets Connecting to at least 6 cells:0.16

bdxlen:119730  bdylen:117660
l:-449  t:117200  r:119281  b:-460



THIS IS THE ROUTE COST OF THE CURRENT PLACEMENT: 341726724



THIS IS THE PENALTY OF THE CURRENT PLACEMENT: 678992
block:1 desire:118018
block:2 desire:118018
block:3 desire:118018
block:4 desire:118018
block:5 desire:118018
block:6 desire:118018
block:7 desire:118018
block:8 desire:118018
block:9 desire:118018
block:10 desire:118018
block:11 desire:118018
block:12 desire:118018
block:13 desire:118018
block:14 desire:118018
block:15 desire:118018
block:16 desire:118018
block:17 desire:118018
block:18 desire:118018
block:19 desire:118018
block:20 desire:118018
block:21 desire:118018
block:22 desire:118018
block:23 desire:118018
block:24 desire:118018
block:25 desire:118018
block:26 desire:118018
block:27 desire:118018
block:28 desire:118018
block:29 desire:118018
block:30 desire:118018
block:31 desire:118018
block:32 desire:118018
block:33 desire:118018
block:34 desire:118018
block:35 desire:118018
block:36 desire:118018
block:37 desire:118018
block:38 desire:118018
block:39 desire:118018
block:40 desire:118018
block:41 desire:118018
block:42 desire:118018
block:43 desire:118018
block:44 desire:118018
block:45 desire:118018
block:46 desire:118018
block:47 desire:118018
block:48 desire:118018
block:49 desire:118018
block:50 desire:118018
block:51 desire:118018
block:52 desire:118018
block:53 desire:118018
block:54 desire:118018
block:55 desire:118018
block:56 desire:118018
block:57 desire:118018
block:58 desire:118018
block:59 desire:118018
block:60 desire:118018
block:61 desire:118018
block:62 desire:118018
block:63 desire:118018
block:64 desire:118018
block:65 desire:118018
block:66 desire:118018
block:67 desire:118018
block:68 desire:118018
block:69 desire:118018
block:70 desire:118018
block:71 desire:118018
block:72 desire:118018
block:73 desire:118018
block:74 desire:118018
block:75 desire:118018
block:76 desire:118018
block:77 desire:118018
block:78 desire:118018
block:79 desire:118018
block:80 desire:118018
block:81 desire:118018
block:82 desire:118018
block:83 desire:118018
block:84 desire:118018
block:85 desire:118018
block:86 desire:118018
block:87 desire:118018
block:88 desire:118018
block:89 desire:118018
block:90 desire:118018
Total Desired Length: 10621620

Iter T        fds    Wire     Penal  Time     P_lim  err binC  rowC timeC  s/p  rej. Acc. g_sw Vwt
 -1: 0.00e+00      0 584447233 1166168 29300266893312999999 0.00 1.00  6.00  3.00 0.00 0.00 0.951
  0: 5.49e+05      0 583517029 1196440 461094803996672999999 0.00 1.00  6.00  3.00 0.42 0.00 0.951 0.99
  1: 5.31e+05      0 584219845 1072960 0       999999 0.00 1.00  6.00  3.00 0.42 0.00 0.951 0.99
  2: 4.02e+05      0 582036630 1051936 0       804126 0.00 1.00  6.00  3.00 0.42 0.00 0.942 0.98
  3: 2.77e+05      0 574748823 955892 0       611649 0.00 1.00  6.00  3.00 0.43 0.00 0.920 0.98
  4: 1.98e+05      0 566482347 936852 0       480637 0.00 1.00  6.00  3.00 0.43 0.00 0.885 0.97
  5: 1.53e+05      0 550820925 879184 0       396395 0.00 1.00  6.00  3.00 0.44 0.00 0.848 0.95
  6: 1.29e+05      0 541137741 872744 0       342545 0.00 1.00  6.00  3.00 0.45 0.00 0.810 0.94
  7: 1.11e+05      0 535445413 772216 0       312471 0.00 1.00  6.00  3.00 0.46 0.00 0.780 0.93
  8: 9.76e+04      0 520489299 672284 0       288091 0.00 1.00  6.00  3.00 0.46 0.00 0.751 0.92
  9: 8.78e+04      0 512699623 670312 0       268976 0.00 1.00  6.00  3.00 0.47 0.00 0.723 0.91
 10: 8.05e+04      0 505413086 628576 0       252960 0.00 1.00  6.00  3.00 0.47 0.00 0.696 0.90
 11: 7.37e+04      0 495675282 567284 0       242143 0.00 1.00  6.00  3.00 0.48 0.00 0.672 0.90
 12: 6.84e+04      0 494389719 566428 0       230855 0.00 1.00  6.00  3.00 0.48 0.00 0.648 0.88
 13: 6.42e+04      0 485833337 575680 0       221052 0.00 1.00  6.00  3.00 0.49 0.00 0.624 0.87
 14: 6.00e+04      0 471956834 593880 0       213057 0.00 1.00  6.00  3.00 0.50 0.00 0.603 0.87
 15: 5.64e+04      0 471599312 527516 0       204782 0.00 1.00  6.00  3.00 0.50 0.00 0.581 0.86
